python buildallcites.py bird.bib > all_cites.tex
pdflatex all_cites
This is pdfTeX, Version 3.1415926-2.3-1.40.12 (MiKTeX 2.9)
entering extended mode
(C:\Users\cbird.REDMOND\Documents\GitHub\cv\all_cites.tex
LaTeX2e <2011/06/27>
Babel <v3.8m> and hyphenation patterns for english, afrikaans, ancientgreek, ar
abic, armenian, assamese, basque, bengali, bokmal, bulgarian, catalan, coptic, 
croatian, czech, danish, dutch, esperanto, estonian, farsi, finnish, french, ga
lician, german, german-x-2009-06-19, greek, gujarati, hindi, hungarian, iceland
ic, indonesian, interlingua, irish, italian, kannada, kurmanji, lao, latin, lat
vian, lithuanian, malayalam, marathi, mongolian, mongolianlmc, monogreek, ngerm
an, ngerman-x-2009-06-19, nynorsk, oriya, panjabi, pinyin, polish, portuguese, 
romanian, russian, sanskrit, serbian, slovak, slovenian, spanish, swedish, swis
sgerman, tamil, telugu, turkish, turkmen, ukenglish, ukrainian, uppersorbian, u
senglishmax, welsh, loaded.
("C:\Program Files (x86)\MiKTeX 2.9\tex\latex\base\article.cls"
Document Class: article 2007/10/19 v1.4h Standard LaTeX document class
("C:\Program Files (x86)\MiKTeX 2.9\tex\latex\base\size10.clo"))
No file all_cites.aux.

LaTeX Warning: Citation `murphyhill2013dbf' on page 1 undefined on input line 5
.


LaTeX Warning: Citation `bacchelli2013eoc' on page 1 undefined on input line 6.



LaTeX Warning: Citation `parnin2012auj' on page 1 undefined on input line 7.


LaTeX Warning: Citation `hindle2012rri' on page 1 undefined on input line 8.


LaTeX Warning: Citation `bird2012avb' on page 1 undefined on input line 9.


LaTeX Warning: Citation `shihab2012ebs' on page 1 undefined on input line 10.


LaTeX Warning: Citation `bird2012www' on page 1 undefined on input line 11.


LaTeX Warning: Citation `zimmermann2012ccs' on page 1 undefined on input line 1
2.


LaTeX Warning: Citation `rahman2012cwt' on page 1 undefined on input line 13.


LaTeX Warning: Citation `barr2012cid' on page 1 undefined on input line 14.


LaTeX Warning: Citation `menzies2011ise' on page 1 undefined on input line 15.


LaTeX Warning: Citation `bird2011scc' on page 1 undefined on input line 16.


LaTeX Warning: Citation `zeller2011ffl' on page 1 undefined on input line 17.


LaTeX Warning: Citation `hong2011uds' on page 1 undefined on input line 18.


LaTeX Warning: Citation `bird2011dtm' on page 1 undefined on input line 19.


LaTeX Warning: Citation `parnin2011jga' on page 1 undefined on input line 20.


LaTeX Warning: Citation `bird2011tbg' on page 1 undefined on input line 21.


LaTeX Warning: Citation `barr2010sg' on page 1 undefined on input line 22.


LaTeX Warning: Citation `bird2010lee' on page 1 undefined on input line 23.


LaTeX Warning: Citation `bird2011ese' on page 1 undefined on input line 24.


LaTeX Warning: Citation `bird2010cc' on page 1 undefined on input line 25.


LaTeX Warning: Citation `bachmann2010mlb' on page 1 undefined on input line 26.



LaTeX Warning: Citation `posnett2010tmm' on page 1 undefined on input line 27.


LaTeX Warning: Citation `rahman2010cws-esem' on page 1 undefined on input line 
28.


LaTeX Warning: Citation `rahman2010cws' on page 1 undefined on input line 29.


LaTeX Warning: Citation `nia2010vna' on page 1 undefined on input line 30.


LaTeX Warning: Citation `posnett2010esi' on page 1 undefined on input line 31.


LaTeX Warning: Citation `bird2010gdd' on page 1 undefined on input line 32.


LaTeX Warning: Citation `bird2010oev' on page 1 undefined on input line 33.


LaTeX Warning: Citation `rigby2010cgd' on page 1 undefined on input line 34.


LaTeX Warning: Citation `bird2009pat' on page 1 undefined on input line 35.


LaTeX Warning: Citation `bird2009fbb' on page 1 undefined on input line 36.


LaTeX Warning: Citation `bird2009ppm' on page 1 undefined on input line 37.


LaTeX Warning: Citation `bird2009sdr' on page 1 undefined on input line 38.


LaTeX Warning: Citation `bird2009dddb' on page 1 undefined on input line 39.


LaTeX Warning: Citation `bird2009ddd' on page 1 undefined on input line 40.


LaTeX Warning: Citation `bird2008lss' on page 1 undefined on input line 41.


LaTeX Warning: Citation `pattison2008twp' on page 1 undefined on input line 42.



LaTeX Warning: Citation `saul2007rrw' on page 1 undefined on input line 43.


LaTeX Warning: Citation `bird2007dps' on page 1 undefined on input line 44.


LaTeX Warning: Citation `ogawa2007vsi' on page 1 undefined on input line 45.


LaTeX Warning: Citation `bird2007obi' on page 1 undefined on input line 46.


LaTeX Warning: Citation `bird2006mes' on page 1 undefined on input line 47.


LaTeX Warning: Citation `bird2006mesp' on page 1 undefined on input line 48.

No file all_cites.bbl.
[1{C:/Users/cbird.REDMOND/AppData/Local/MiKTeX/2.9/pdftex/config/pdftex.map}]
(C:\Users\cbird.REDMOND\Documents\GitHub\cv\all_cites.aux)

LaTeX Warning: There were undefined references.

 )<C:/Program Files (x86)/MiKTeX 2.9/fonts/type1/public/amsfonts/cm/cmbx10.pfb>
<C:/Program Files (x86)/MiKTeX 2.9/fonts/type1/public/amsfonts/cm/cmr10.pfb>
Output written on all_cites.pdf (1 page, 18170 bytes).
Transcript written on all_cites.log.
bibtex all_cites
This is BibTeX, Version 0.99d (MiKTeX 2.9)
The top-level auxiliary file: all_cites.aux
The style file: myacm.bst
Database file #1: bird.bib
Warning--empty booktitle in bird2010gdd
Warning--empty booktitle in bird2010oev
Warning--empty journal in rigby2010cgd
(There were 3 warnings)
pdflatex all_cites
This is pdfTeX, Version 3.1415926-2.3-1.40.12 (MiKTeX 2.9)
entering extended mode
(C:\Users\cbird.REDMOND\Documents\GitHub\cv\all_cites.tex
LaTeX2e <2011/06/27>
Babel <v3.8m> and hyphenation patterns for english, afrikaans, ancientgreek, ar
abic, armenian, assamese, basque, bengali, bokmal, bulgarian, catalan, coptic, 
croatian, czech, danish, dutch, esperanto, estonian, farsi, finnish, french, ga
lician, german, german-x-2009-06-19, greek, gujarati, hindi, hungarian, iceland
ic, indonesian, interlingua, irish, italian, kannada, kurmanji, lao, latin, lat
vian, lithuanian, malayalam, marathi, mongolian, mongolianlmc, monogreek, ngerm
an, ngerman-x-2009-06-19, nynorsk, oriya, panjabi, pinyin, polish, portuguese, 
romanian, russian, sanskrit, serbian, slovak, slovenian, spanish, swedish, swis
sgerman, tamil, telugu, turkish, turkmen, ukenglish, ukrainian, uppersorbian, u
senglishmax, welsh, loaded.
("C:\Program Files (x86)\MiKTeX 2.9\tex\latex\base\article.cls"
Document Class: article 2007/10/19 v1.4h Standard LaTeX document class
("C:\Program Files (x86)\MiKTeX 2.9\tex\latex\base\size10.clo"))
(C:\Users\cbird.REDMOND\Documents\GitHub\cv\all_cites.aux)

LaTeX Warning: Citation `murphyhill2013dbf' on page 1 undefined on input line 5
.


LaTeX Warning: Citation `bacchelli2013eoc' on page 1 undefined on input line 6.



LaTeX Warning: Citation `parnin2012auj' on page 1 undefined on input line 7.


LaTeX Warning: Citation `hindle2012rri' on page 1 undefined on input line 8.


LaTeX Warning: Citation `bird2012avb' on page 1 undefined on input line 9.


LaTeX Warning: Citation `shihab2012ebs' on page 1 undefined on input line 10.


LaTeX Warning: Citation `bird2012www' on page 1 undefined on input line 11.


LaTeX Warning: Citation `zimmermann2012ccs' on page 1 undefined on input line 1
2.


LaTeX Warning: Citation `rahman2012cwt' on page 1 undefined on input line 13.


LaTeX Warning: Citation `barr2012cid' on page 1 undefined on input line 14.


LaTeX Warning: Citation `menzies2011ise' on page 1 undefined on input line 15.


LaTeX Warning: Citation `bird2011scc' on page 1 undefined on input line 16.


LaTeX Warning: Citation `zeller2011ffl' on page 1 undefined on input line 17.


LaTeX Warning: Citation `hong2011uds' on page 1 undefined on input line 18.


LaTeX Warning: Citation `bird2011dtm' on page 1 undefined on input line 19.


LaTeX Warning: Citation `parnin2011jga' on page 1 undefined on input line 20.


LaTeX Warning: Citation `bird2011tbg' on page 1 undefined on input line 21.


LaTeX Warning: Citation `barr2010sg' on page 1 undefined on input line 22.


LaTeX Warning: Citation `bird2010lee' on page 1 undefined on input line 23.


LaTeX Warning: Citation `bird2011ese' on page 1 undefined on input line 24.


LaTeX Warning: Citation `bird2010cc' on page 1 undefined on input line 25.


LaTeX Warning: Citation `bachmann2010mlb' on page 1 undefined on input line 26.



LaTeX Warning: Citation `posnett2010tmm' on page 1 undefined on input line 27.


LaTeX Warning: Citation `rahman2010cws-esem' on page 1 undefined on input line 
28.


LaTeX Warning: Citation `rahman2010cws' on page 1 undefined on input line 29.


LaTeX Warning: Citation `nia2010vna' on page 1 undefined on input line 30.


LaTeX Warning: Citation `posnett2010esi' on page 1 undefined on input line 31.


LaTeX Warning: Citation `bird2010gdd' on page 1 undefined on input line 32.


LaTeX Warning: Citation `bird2010oev' on page 1 undefined on input line 33.


LaTeX Warning: Citation `rigby2010cgd' on page 1 undefined on input line 34.


LaTeX Warning: Citation `bird2009pat' on page 1 undefined on input line 35.


LaTeX Warning: Citation `bird2009fbb' on page 1 undefined on input line 36.


LaTeX Warning: Citation `bird2009ppm' on page 1 undefined on input line 37.


LaTeX Warning: Citation `bird2009sdr' on page 1 undefined on input line 38.


LaTeX Warning: Citation `bird2009dddb' on page 1 undefined on input line 39.


LaTeX Warning: Citation `bird2009ddd' on page 1 undefined on input line 40.


LaTeX Warning: Citation `bird2008lss' on page 1 undefined on input line 41.


LaTeX Warning: Citation `pattison2008twp' on page 1 undefined on input line 42.



LaTeX Warning: Citation `saul2007rrw' on page 1 undefined on input line 43.


LaTeX Warning: Citation `bird2007dps' on page 1 undefined on input line 44.


LaTeX Warning: Citation `ogawa2007vsi' on page 1 undefined on input line 45.


LaTeX Warning: Citation `bird2007obi' on page 1 undefined on input line 46.


LaTeX Warning: Citation `bird2006mes' on page 1 undefined on input line 47.


LaTeX Warning: Citation `bird2006mesp' on page 1 undefined on input line 48.

(C:\Users\cbird.REDMOND\Documents\GitHub\cv\all_cites.bbl [1{C:/Users/cbird.RED
MOND/AppData/Local/MiKTeX/2.9/pdftex/config/pdftex.map}] [2] [3] [4]) [5]
(C:\Users\cbird.REDMOND\Documents\GitHub\cv\all_cites.aux)

LaTeX Warning: There were undefined references.


LaTeX Warning: Label(s) may have changed. Rerun to get cross-references right.

 )<C:/Program Files (x86)/MiKTeX 2.9/fonts/type1/public/amsfonts/cm/cmbx10.pfb>
<C:/Program Files (x86)/MiKTeX 2.9/fonts/type1/public/amsfonts/cm/cmbx12.pfb><C
:/Program Files (x86)/MiKTeX 2.9/fonts/type1/public/amsfonts/cm/cmr10.pfb><C:/P
rogram Files (x86)/MiKTeX 2.9/fonts/type1/public/amsfonts/cm/cmr6.pfb><C:/Progr
am Files (x86)/MiKTeX 2.9/fonts/type1/public/amsfonts/cm/cmr7.pfb><C:/Program F
iles (x86)/MiKTeX 2.9/fonts/type1/public/amsfonts/cm/cmr8.pfb><C:/Program Files
 (x86)/MiKTeX 2.9/fonts/type1/public/amsfonts/cm/cmti10.pfb>
Output written on all_cites.pdf (5 pages, 109025 bytes).
Transcript written on all_cites.log.
pdflatex all_cites
This is pdfTeX, Version 3.1415926-2.3-1.40.12 (MiKTeX 2.9)
entering extended mode
(C:\Users\cbird.REDMOND\Documents\GitHub\cv\all_cites.tex
LaTeX2e <2011/06/27>
Babel <v3.8m> and hyphenation patterns for english, afrikaans, ancientgreek, ar
abic, armenian, assamese, basque, bengali, bokmal, bulgarian, catalan, coptic, 
croatian, czech, danish, dutch, esperanto, estonian, farsi, finnish, french, ga
lician, german, german-x-2009-06-19, greek, gujarati, hindi, hungarian, iceland
ic, indonesian, interlingua, irish, italian, kannada, kurmanji, lao, latin, lat
vian, lithuanian, malayalam, marathi, mongolian, mongolianlmc, monogreek, ngerm
an, ngerman-x-2009-06-19, nynorsk, oriya, panjabi, pinyin, polish, portuguese, 
romanian, russian, sanskrit, serbian, slovak, slovenian, spanish, swedish, swis
sgerman, tamil, telugu, turkish, turkmen, ukenglish, ukrainian, uppersorbian, u
senglishmax, welsh, loaded.
("C:\Program Files (x86)\MiKTeX 2.9\tex\latex\base\article.cls"
Document Class: article 2007/10/19 v1.4h Standard LaTeX document class
("C:\Program Files (x86)\MiKTeX 2.9\tex\latex\base\size10.clo"))
(C:\Users\cbird.REDMOND\Documents\GitHub\cv\all_cites.aux)
(C:\Users\cbird.REDMOND\Documents\GitHub\cv\all_cites.bbl [1{C:/Users/cbird.RED
MOND/AppData/Local/MiKTeX/2.9/pdftex/config/pdftex.map}] [2] [3] [4]) [5]
(C:\Users\cbird.REDMOND\Documents\GitHub\cv\all_cites.aux) )<C:/Program Files (
x86)/MiKTeX 2.9/fonts/type1/public/amsfonts/cm/cmbx10.pfb><C:/Program Files (x8
6)/MiKTeX 2.9/fonts/type1/public/amsfonts/cm/cmbx12.pfb><C:/Program Files (x86)
/MiKTeX 2.9/fonts/type1/public/amsfonts/cm/cmr10.pfb><C:/Program Files (x86)/Mi
KTeX 2.9/fonts/type1/public/amsfonts/cm/cmr6.pfb><C:/Program Files (x86)/MiKTeX
 2.9/fonts/type1/public/amsfonts/cm/cmr7.pfb><C:/Program Files (x86)/MiKTeX 2.9
/fonts/type1/public/amsfonts/cm/cmr8.pfb><C:/Program Files (x86)/MiKTeX 2.9/fon
ts/type1/public/amsfonts/cm/cmti10.pfb>
Output written on all_cites.pdf (5 pages, 108852 bytes).
Transcript written on all_cites.log.
cp all_cites.bbl bird_cv.bbl
pdflatex bird_cv
This is pdfTeX, Version 3.1415926-2.3-1.40.12 (MiKTeX 2.9)
entering extended mode
(C:\Users\cbird.REDMOND\Documents\GitHub\cv\bird_cv.tex
LaTeX2e <2011/06/27>
Babel <v3.8m> and hyphenation patterns for english, afrikaans, ancientgreek, ar
abic, armenian, assamese, basque, bengali, bokmal, bulgarian, catalan, coptic, 
croatian, czech, danish, dutch, esperanto, estonian, farsi, finnish, french, ga
lician, german, german-x-2009-06-19, greek, gujarati, hindi, hungarian, iceland
ic, indonesian, interlingua, irish, italian, kannada, kurmanji, lao, latin, lat
vian, lithuanian, malayalam, marathi, mongolian, mongolianlmc, monogreek, ngerm
an, ngerman-x-2009-06-19, nynorsk, oriya, panjabi, pinyin, polish, portuguese, 
romanian, russian, sanskrit, serbian, slovak, slovenian, spanish, swedish, swis
sgerman, tamil, telugu, turkish, turkmen, ukenglish, ukrainian, uppersorbian, u
senglishmax, welsh, loaded.
(C:\Users\cbird.REDMOND\Documents\GitHub\cv\res.cls
Document Style `res' <26 Sep 89>.
Document Class: res 2000/05/19 v1.4b Resume class
("C:\Program Files (x86)\MiKTeX 2.9\tex\latex\base\article.cls"
Document Class: article 2007/10/19 v1.4h Standard LaTeX document class
("C:\Program Files (x86)\MiKTeX 2.9\tex\latex\base\size10.clo"))
No auxiliary output files.

)
(C:\Users\cbird.REDMOND\AppData\Roaming\MiKTeX\2.9\tex\latex\natbib\bibentry.st
y) ("C:\Program Files (x86)\MiKTeX 2.9\tex\latex\ltxmisc\url.sty")
("C:\Program Files (x86)\MiKTeX 2.9\tex\latex\tools\verbatim.sty")
(C:\Users\cbird.REDMOND\Documents\GitHub\cv\revnum.sty)

LaTeX Warning: Unused global option(s):
    [article,letterpaper].

No file bird_cv.aux.
(C:\Users\cbird.REDMOND\Documents\GitHub\cv\bird_cv.bbl) [1{C:/Users/cbird.REDM
OND/AppData/Local/MiKTeX/2.9/pdftex/config/pdftex.map}]

LaTeX Warning: Citation `bacchelli2013eoc' undefined on input line 142.


LaTeX Warning: Citation `murphyhill2013dbf' undefined on input line 144.


LaTeX Warning: Citation `parnin2012auj' undefined on input line 146.


LaTeX Warning: Citation `bird2012avb' undefined on input line 148.


LaTeX Warning: Citation `hindle2012rri' undefined on input line 150.


LaTeX Warning: Citation `shihab2012ebs' undefined on input line 152.


LaTeX Warning: Citation `bird2012www' undefined on input line 154.


LaTeX Warning: Citation `barr2012cid' undefined on input line 156.


LaTeX Warning: Citation `zimmermann2012ccs' undefined on input line 158.


LaTeX Warning: Citation `rahman2012cwt' undefined on input line 160.


LaTeX Warning: Citation `menzies2011ise' undefined on input line 162.


LaTeX Warning: Citation `zeller2011ffl' undefined on input line 164.


LaTeX Warning: Citation `hong2011uds' undefined on input line 166.

[2]

LaTeX Warning: Citation `bird2011dtm' undefined on input line 168.


LaTeX Warning: Citation `parnin2011jga' undefined on input line 170.


LaTeX Warning: Citation `bird2011tbg' undefined on input line 172.


LaTeX Warning: Citation `posnett2010esi' undefined on input line 174.


LaTeX Warning: Citation `barr2010sg' undefined on input line 176.


LaTeX Warning: Citation `bachmann2010mlb' undefined on input line 178.


LaTeX Warning: Citation `posnett2010tmm' undefined on input line 180.


LaTeX Warning: Citation `nia2010vna' undefined on input line 182.


LaTeX Warning: Citation `rahman2010cws' undefined on input line 184.


LaTeX Warning: Citation `bird2009pat' undefined on input line 186.


LaTeX Warning: Citation `bird2009fbb' undefined on input line 188.


LaTeX Warning: Citation `bird2009dddb' undefined on input line 190.

[3]

LaTeX Warning: Citation `bird2009ddd' undefined on input line 192.


LaTeX Warning: Citation `bird2009ppm' undefined on input line 194.


LaTeX Warning: Citation `bird2009sdr' undefined on input line 196.


LaTeX Warning: Citation `bird2008lss' undefined on input line 198.


LaTeX Warning: Citation `pattison2008twp' undefined on input line 200.


LaTeX Warning: Citation `saul2007rrw' undefined on input line 202.


LaTeX Warning: Citation `bird2007dps' undefined on input line 204.


LaTeX Warning: Citation `bird2007obi' undefined on input line 206.


LaTeX Warning: Citation `ogawa2007vsi' undefined on input line 208.


LaTeX Warning: Citation `bird2006mes' undefined on input line 210.


LaTeX Warning: Citation `bird2006mesp' undefined on input line 212.

[4]

LaTeX Warning: Citation `bird2010cc' undefined on input line 221.


LaTeX Warning: Citation `bird2011scc' undefined on input line 229.


LaTeX Warning: Citation `bird2011ese' undefined on input line 231.


LaTeX Warning: Citation `rahman2010cws-esem' undefined on input line 233.


LaTeX Warning: Citation `bird2010lee' undefined on input line 235.

[5] [6] [7] [8] [9]

LaTeX Warning: There were undefined references.

 )<C:/Program Files (x86)/MiKTeX 2.9/fonts/type1/public/amsfonts/cm/cmbx10.pfb>
<C:/Program Files (x86)/MiKTeX 2.9/fonts/type1/public/amsfonts/cm/cmbx12.pfb><C
:/Program Files (x86)/MiKTeX 2.9/fonts/type1/public/amsfonts/cm/cmcsc10.pfb><C:
/Program Files (x86)/MiKTeX 2.9/fonts/type1/public/amsfonts/cm/cmr10.pfb><C:/Pr
ogram Files (x86)/MiKTeX 2.9/fonts/type1/public/amsfonts/cm/cmr6.pfb><C:/Progra
m Files (x86)/MiKTeX 2.9/fonts/type1/public/amsfonts/cm/cmr7.pfb><C:/Program Fi
les (x86)/MiKTeX 2.9/fonts/type1/public/amsfonts/cm/cmr8.pfb><C:/Program Files 
(x86)/MiKTeX 2.9/fonts/type1/public/amsfonts/cm/cmsy10.pfb><C:/Program Files (x
86)/MiKTeX 2.9/fonts/type1/public/amsfonts/cm/cmti10.pfb><C:/Program Files (x86
)/MiKTeX 2.9/fonts/type1/public/amsfonts/cm/cmtt10.pfb>
Output written on bird_cv.pdf (9 pages, 160856 bytes).
Transcript written on bird_cv.log.
pdflatex bird_cv
This is pdfTeX, Version 3.1415926-2.3-1.40.12 (MiKTeX 2.9)
entering extended mode
(C:\Users\cbird.REDMOND\Documents\GitHub\cv\bird_cv.tex
LaTeX2e <2011/06/27>
Babel <v3.8m> and hyphenation patterns for english, afrikaans, ancientgreek, ar
abic, armenian, assamese, basque, bengali, bokmal, bulgarian, catalan, coptic, 
croatian, czech, danish, dutch, esperanto, estonian, farsi, finnish, french, ga
lician, german, german-x-2009-06-19, greek, gujarati, hindi, hungarian, iceland
ic, indonesian, interlingua, irish, italian, kannada, kurmanji, lao, latin, lat
vian, lithuanian, malayalam, marathi, mongolian, mongolianlmc, monogreek, ngerm
an, ngerman-x-2009-06-19, nynorsk, oriya, panjabi, pinyin, polish, portuguese, 
romanian, russian, sanskrit, serbian, slovak, slovenian, spanish, swedish, swis
sgerman, tamil, telugu, turkish, turkmen, ukenglish, ukrainian, uppersorbian, u
senglishmax, welsh, loaded.
(C:\Users\cbird.REDMOND\Documents\GitHub\cv\res.cls
Document Style `res' <26 Sep 89>.
Document Class: res 2000/05/19 v1.4b Resume class
("C:\Program Files (x86)\MiKTeX 2.9\tex\latex\base\article.cls"
Document Class: article 2007/10/19 v1.4h Standard LaTeX document class
("C:\Program Files (x86)\MiKTeX 2.9\tex\latex\base\size10.clo"))
No auxiliary output files.

)
(C:\Users\cbird.REDMOND\AppData\Roaming\MiKTeX\2.9\tex\latex\natbib\bibentry.st
y) ("C:\Program Files (x86)\MiKTeX 2.9\tex\latex\ltxmisc\url.sty")
("C:\Program Files (x86)\MiKTeX 2.9\tex\latex\tools\verbatim.sty")
(C:\Users\cbird.REDMOND\Documents\GitHub\cv\revnum.sty)

LaTeX Warning: Unused global option(s):
    [article,letterpaper].

No file bird_cv.aux.
(C:\Users\cbird.REDMOND\Documents\GitHub\cv\bird_cv.bbl) [1{C:/Users/cbird.REDM
OND/AppData/Local/MiKTeX/2.9/pdftex/config/pdftex.map}]

LaTeX Warning: Citation `bacchelli2013eoc' undefined on input line 142.


LaTeX Warning: Citation `murphyhill2013dbf' undefined on input line 144.


LaTeX Warning: Citation `parnin2012auj' undefined on input line 146.


LaTeX Warning: Citation `bird2012avb' undefined on input line 148.


LaTeX Warning: Citation `hindle2012rri' undefined on input line 150.


LaTeX Warning: Citation `shihab2012ebs' undefined on input line 152.


LaTeX Warning: Citation `bird2012www' undefined on input line 154.


LaTeX Warning: Citation `barr2012cid' undefined on input line 156.


LaTeX Warning: Citation `zimmermann2012ccs' undefined on input line 158.


LaTeX Warning: Citation `rahman2012cwt' undefined on input line 160.


LaTeX Warning: Citation `menzies2011ise' undefined on input line 162.


LaTeX Warning: Citation `zeller2011ffl' undefined on input line 164.


LaTeX Warning: Citation `hong2011uds' undefined on input line 166.

[2]

LaTeX Warning: Citation `bird2011dtm' undefined on input line 168.


LaTeX Warning: Citation `parnin2011jga' undefined on input line 170.


LaTeX Warning: Citation `bird2011tbg' undefined on input line 172.


LaTeX Warning: Citation `posnett2010esi' undefined on input line 174.


LaTeX Warning: Citation `barr2010sg' undefined on input line 176.


LaTeX Warning: Citation `bachmann2010mlb' undefined on input line 178.


LaTeX Warning: Citation `posnett2010tmm' undefined on input line 180.


LaTeX Warning: Citation `nia2010vna' undefined on input line 182.


LaTeX Warning: Citation `rahman2010cws' undefined on input line 184.


LaTeX Warning: Citation `bird2009pat' undefined on input line 186.


LaTeX Warning: Citation `bird2009fbb' undefined on input line 188.


LaTeX Warning: Citation `bird2009dddb' undefined on input line 190.

[3]

LaTeX Warning: Citation `bird2009ddd' undefined on input line 192.


LaTeX Warning: Citation `bird2009ppm' undefined on input line 194.


LaTeX Warning: Citation `bird2009sdr' undefined on input line 196.


LaTeX Warning: Citation `bird2008lss' undefined on input line 198.


LaTeX Warning: Citation `pattison2008twp' undefined on input line 200.


LaTeX Warning: Citation `saul2007rrw' undefined on input line 202.


LaTeX Warning: Citation `bird2007dps' undefined on input line 204.


LaTeX Warning: Citation `bird2007obi' undefined on input line 206.


LaTeX Warning: Citation `ogawa2007vsi' undefined on input line 208.


LaTeX Warning: Citation `bird2006mes' undefined on input line 210.


LaTeX Warning: Citation `bird2006mesp' undefined on input line 212.

[4]

LaTeX Warning: Citation `bird2010cc' undefined on input line 221.


LaTeX Warning: Citation `bird2011scc' undefined on input line 229.


LaTeX Warning: Citation `bird2011ese' undefined on input line 231.


LaTeX Warning: Citation `rahman2010cws-esem' undefined on input line 233.


LaTeX Warning: Citation `bird2010lee' undefined on input line 235.

[5] [6] [7] [8] [9]

LaTeX Warning: There were undefined references.

 )<C:/Program Files (x86)/MiKTeX 2.9/fonts/type1/public/amsfonts/cm/cmbx10.pfb>
<C:/Program Files (x86)/MiKTeX 2.9/fonts/type1/public/amsfonts/cm/cmbx12.pfb><C
:/Program Files (x86)/MiKTeX 2.9/fonts/type1/public/amsfonts/cm/cmcsc10.pfb><C:
/Program Files (x86)/MiKTeX 2.9/fonts/type1/public/amsfonts/cm/cmr10.pfb><C:/Pr
ogram Files (x86)/MiKTeX 2.9/fonts/type1/public/amsfonts/cm/cmr6.pfb><C:/Progra
m Files (x86)/MiKTeX 2.9/fonts/type1/public/amsfonts/cm/cmr7.pfb><C:/Program Fi
les (x86)/MiKTeX 2.9/fonts/type1/public/amsfonts/cm/cmr8.pfb><C:/Program Files 
(x86)/MiKTeX 2.9/fonts/type1/public/amsfonts/cm/cmsy10.pfb><C:/Program Files (x
86)/MiKTeX 2.9/fonts/type1/public/amsfonts/cm/cmti10.pfb><C:/Program Files (x86
)/MiKTeX 2.9/fonts/type1/public/amsfonts/cm/cmtt10.pfb>
Output written on bird_cv.pdf (9 pages, 160856 bytes).
Transcript written on bird_cv.log.
